2025-06-10 23:00:05Z [DATA] Customer Registered 123873@gmail.com
2025-06-11 09:29:43Z [DATA] Customer Registered sg2@gmail.com
2025-06-11 09:35:14Z [DATA] Customer Registered sg2@gmail.com
2025-06-11 09:39:11Z [DATA] Booking Created 09d3b1e1-3923-4c7c-9670-07960eb55d75
2025-06-11 11:32:30Z [DATA] Booking Cancelled 09d3b1e1-3923-4c7c-9670-07960eb55d75
2025-06-11 16:28:33Z [DATA] Category Added d006c685-601c-4877-99d9-d1e134f1e76c
2025-06-11 17:18:31Z [DATA] Customer Registered sg@gmail.com
2025-06-11 17:21:24Z [DATA] Mechanic Registered mech@gmail.com
2025-06-11 17:21:29Z [DATA] Customer Registered cust@gmail.com
2025-06-11 17:22:41Z [DATA] Booking Created 754de78b-fba3-4294-8f00-eae81d4597f4
2025-06-11 17:23:23Z [DATA] Vehicle Added 67d55989-b832-4622-bf0c-95af540a0a23
2025-06-11 17:29:56Z [DATA] Category Added 47189ed0-c7f0-4e80-9812-e09f80ab4a2a
2025-06-11 17:30:12Z [DATA] Category Added a6ed898a-2d0b-434e-85c2-259da907dfc4
2025-06-11 17:30:48Z [DATA] Vehicle Added 6071a021-c27a-4025-bb7f-a946911986a6
2025-06-11 17:32:07Z [DATA] Service Added 72f377e5-05ca-4301-afef-59576f258f16
2025-06-11 17:33:54Z [DATA] ServiceRecord Added f7130507-46eb-4f51-967a-828a6974300c
2025-06-11 17:34:26Z [DATA] Bill Added 162e04e2-d06c-41c8-b203-58e1ae2e3711
2025-06-11 17:35:18Z [DATA] Bill Downloaded 162e04e2-d06c-41c8-b203-58e1ae2e3711
2025-06-11 17:46:37Z [DATA] Service Added ba8f3665-b31a-4bdb-ba70-130e8cb28c07
2025-06-11 17:49:07Z [DATA] Bill Added 060f34c9-c1fe-4740-b2e9-fe420675f7eb
2025-06-11 17:50:28Z [DATA] Bill Downloaded 060f34c9-c1fe-4740-b2e9-fe420675f7eb
2025-06-11 17:59:47Z [DATA] Bill Downloaded 060f34c9-c1fe-4740-b2e9-fe420675f7eb
2025-06-11 19:31:47Z [DATA] Booking Created f8340b6f-5b10-4615-9cd9-68b6f7f8a3d4
2025-06-11 19:31:51Z [DATA] Booking Created 6707359b-3b4b-40e9-8717-ba73685ce35e
2025-06-11 19:31:55Z [DATA] Booking Created f5b0ffce-c709-44e1-9b5f-d272e0d83d12
2025-06-11 19:31:56Z [DATA] Booking Created 18974fb1-367a-4e82-91c3-97d19a45e98d
2025-06-11 20:10:38Z [DATA] Bill Downloaded 060f34c9-c1fe-4740-b2e9-fe420675f7eb
2025-06-11 21:25:49Z [DATA] Booking Cancelled f8340b6f-5b10-4615-9cd9-68b6f7f8a3d4
2025-06-11 21:26:32Z [DATA] Booking Cancelled f8340b6f-5b10-4615-9cd9-68b6f7f8a3d4
2025-06-11 22:01:13Z [DATA] Updated Deleted 47189ed0-c7f0-4e80-9812-e09f80ab4a2a
2025-06-11 22:01:26Z [DATA] Updated Deleted 47189ed0-c7f0-4e80-9812-e09f80ab4a2a
2025-06-11 22:01:38Z [DATA] Category Deleted 47189ed0-c7f0-4e80-9812-e09f80ab4a2a
2025-06-11 23:20:05Z [DATA] Bill Downloaded 060f34c9-c1fe-4740-b2e9-fe420675f7eb
2025-06-11 23:20:29Z [DATA] Bill Downloaded 060f34c9-c1fe-4740-b2e9-fe420675f7eb
2025-06-11 23:21:41Z [DATA] Bill Downloaded 060f34c9-c1fe-4740-b2e9-fe420675f7eb
2025-06-11 23:37:29Z [DATA] Booking Updated f8340b6f-5b10-4615-9cd9-68b6f7f8a3d4
2025-06-11 23:40:09Z [DATA] Booking Updated f8340b6f-5b10-4615-9cd9-68b6f7f8a3d4
2025-06-11 23:55:09Z [DATA] Bill Downloaded 060f34c9-c1fe-4740-b2e9-fe420675f7eb
2025-06-12 00:02:12Z [DATA] Booking Created 349a3192-7b93-4f06-bd74-d66456a0ec0b
2025-06-12 00:06:10Z [DATA] Category Deleted a6ed898a-2d0b-434e-85c2-259da907dfc4
2025-06-12 00:07:03Z [DATA] Category Added 65954717-0299-4517-a428-7a7f45b17bbf
2025-06-12 00:15:13Z [DATA] Category Added 0b132cae-cc27-4614-bea7-9ab0ec30c11f
2025-06-12 00:17:33Z [DATA] Category Added 83f731df-2d84-49cf-8ab3-43c60de55fd9
2025-06-12 00:19:51Z [DATA] Updated Deleted 0b132cae-cc27-4614-bea7-9ab0ec30c11f
2025-06-12 00:21:19Z [DATA] Updated Deleted 0b132cae-cc27-4614-bea7-9ab0ec30c11f
2025-06-12 00:28:11Z [DATA] Customer Registered abc@gmail.com
2025-06-12 00:28:41Z [DATA] Category Deleted 83f731df-2d84-49cf-8ab3-43c60de55fd9
2025-06-12 00:29:32Z [DATA] Booking Cancelled 349a3192-7b93-4f06-bd74-d66456a0ec0b
2025-06-12 00:34:52Z [DATA] Customer Updated abc@gmail.com
2025-06-12 00:35:28Z [DATA] Customer Updated abc@gmail.com
2025-06-12 00:43:50Z [DATA] Mechanic Registered abc1@gmail.com
2025-06-12 00:44:24Z [DATA] Mechanic Updated abc1@gmail.com
2025-06-12 00:49:28Z [DATA] Customer Updated abc@gmail.com
2025-06-12 00:49:48Z [DATA] Customer Updated abc@gmail.com
2025-06-12 00:57:37Z [DATA] Vehicle Added 0100c603-be4a-4a78-9a15-11f8046ca31f
2025-06-12 01:00:49Z [DATA] Vehicle Added aba3c7fa-f7d5-47b4-8709-2775d251852a
2025-06-12 01:05:17Z [DATA] Vehicle Updated aba3c7fa-f7d5-47b4-8709-2775d251852a
2025-06-12 01:06:00Z [DATA] Vehicle Updated aba3c7fa-f7d5-47b4-8709-2775d251852a
2025-06-12 01:07:04Z [DATA] Vehicle Deleted aba3c7fa-f7d5-47b4-8709-2775d251852a
2025-06-12 01:08:01Z [DATA] Vehicle Added a984da79-a0ae-4359-81be-2021160ffd1f
2025-06-12 01:08:29Z [DATA] Vehicle Updated a984da79-a0ae-4359-81be-2021160ffd1f
2025-06-12 01:09:43Z [DATA] Vehicle Deleted 0100c603-be4a-4a78-9a15-11f8046ca31f
2025-06-12 01:13:53Z [DATA] Vehicle Added 053022b6-8c4f-4f6a-9598-3bae5078bef3
2025-06-12 01:15:03Z [DATA] Service Added cb03d489-e1c8-4bd3-af7b-9121e8914a47
2025-06-12 01:26:38Z [DATA] Service Categories Updated for cb03d489-e1c8-4bd3-af7b-9121e8914a47
2025-06-12 01:28:25Z [DATA] Service Categories Updated for cb03d489-e1c8-4bd3-af7b-9121e8914a47
2025-06-12 01:28:56Z [DATA] Service Categories Updated for cb03d489-e1c8-4bd3-af7b-9121e8914a47
2025-06-12 01:32:20Z [DATA] Service Categories Updated for cb03d489-e1c8-4bd3-af7b-9121e8914a47
2025-06-12 01:34:28Z [DATA] Category Added 78a8242f-4fe2-4fc3-ba9c-f4863a3dccb2
2025-06-12 01:35:25Z [DATA] Service Categories Updated for cb03d489-e1c8-4bd3-af7b-9121e8914a47
2025-06-12 01:38:04Z [DATA] Service Added 70c5c5c7-8027-41ce-942d-3ba32438be07
2025-06-12 01:40:37Z [DATA] Service Soft Deleted 70c5c5c7-8027-41ce-942d-3ba32438be07
2025-06-12 01:47:04Z [DATA] ServiceRecord Added e0876d47-0ca9-470c-b552-0ba526589931
2025-06-12 01:52:14Z [DATA] Service Added 4c43862e-ee00-42f0-b82c-4a2d3850648f
2025-06-12 01:52:28Z [DATA] ServiceRecord Added fac539dc-afe5-4cda-89da-1f4f2ff2d667
2025-06-12 02:00:24Z [DATA] ServiceRecord Status Updated e0876d47-0ca9-470c-b552-0ba526589931
2025-06-12 02:05:04Z [DATA] Bill Added 7ec75781-825d-4436-a2c0-7c297769706a
2025-06-12 02:05:38Z [DATA] Bill Downloaded 7ec75781-825d-4436-a2c0-7c297769706a
2025-06-12 02:22:52Z [DATA] Customer Registered abc2@gmail.com
2025-06-12 02:24:40Z [DATA] Customer Deleted abc2@gmail.com
2025-06-12 02:25:56Z [DATA] Customer Registered abc3@gmail.com
2025-06-12 02:26:37Z [DATA] Mechanic Registered abc4@gmail.com
2025-06-12 02:27:39Z [DATA] Mechanic Deleted abc4@gmail.com
2025-06-12 12:30:09Z [DATA] Bill Downloaded 7ec75781-825d-4436-a2c0-7c297769706a
2025-06-12 12:53:47Z [DATA] Bill Downloaded 7ec75781-825d-4436-a2c0-7c297769706a
2025-06-12 19:39:56Z [DATA] Customer Registered abc5@gmail.com
2025-06-12 19:46:12Z [DATA] Customer Registered abc6@gmail.com
2025-06-12 19:46:55Z [DATA] Customer Updated abc6@gmail.com
2025-06-12 19:54:33Z [DATA] Customer Registered abc7@gmail.com
2025-06-12 19:54:42Z [DATA] Customer Updated abc7@gmail.com
2025-06-12 20:18:29Z [DATA] Category Added d23d39db-1f9e-4c15-83ac-f70e7bf44bff
2025-06-12 20:23:04Z [DATA] Updated Deleted d23d39db-1f9e-4c15-83ac-f70e7bf44bff
2025-06-12 20:27:05Z [DATA] Mechanic Registered abc8@gmail.com
2025-06-12 20:28:04Z [DATA] Mechanic Registered abc9@gmail.com
2025-06-12 20:45:03Z [DATA] Mechanic Registered abc10@gmail.com
2025-06-12 20:58:43Z [DATA] Vehicle Added 24bca63e-002e-4b3d-947b-2d367418dea4
2025-06-12 20:59:30Z [DATA] Vehicle Updated 24bca63e-002e-4b3d-947b-2d367418dea4
2025-06-12 21:05:11Z [DATA] Category Added 0533b1f0-2b30-4f3c-83cb-1cb2fa20c40d
2025-06-12 21:05:21Z [DATA] Updated Deleted 0533b1f0-2b30-4f3c-83cb-1cb2fa20c40d
2025-06-12 21:10:17Z [DATA] Customer Registered abc12@gmail.com
2025-06-12 21:11:30Z [DATA] Booking Created 5eda22e8-620f-4caa-8d37-16fb759e186e
2025-06-12 21:12:37Z [DATA] Service Added 252516aa-488a-4d88-a90c-77b2883c8929
2025-06-12 21:12:44Z [DATA] ServiceRecord Added 6dc4cfe6-e671-4ccc-bd82-3c4d2bd8ff79
2025-06-12 21:14:53Z [DATA] Bill Added VSM.DTO.BillDisplayDto
2025-06-12 21:15:59Z [DATA] Booking Created 1cdbd507-a06f-4fac-a690-6036d6d9360f
2025-06-12 21:16:19Z [DATA] Service Added a74dbfce-b357-4488-838d-138700d159df
2025-06-12 21:16:24Z [DATA] ServiceRecord Added 01f6ae3e-5d97-4d28-afd6-fe21eeefb3c0
2025-06-12 21:16:35Z [DATA] Bill Added VSM.DTO.BillDisplayDto
2025-06-12 21:17:35Z [DATA] Bill Downloaded 1c47d956-05ff-4129-ac75-97f4d5c74b97
2025-06-12 21:21:26Z [DATA] Customer Registered abc13@gmail.com
2025-06-12 21:21:45Z [DATA] Booking Created 8712ae69-4771-4f74-9848-9e85679971e7
2025-06-12 21:22:45Z [DATA] Customer Updated abc13@gmail.com
2025-06-12 21:24:32Z [DATA] Bill Downloaded 1c47d956-05ff-4129-ac75-97f4d5c74b97
2025-06-12 23:50:17Z [DATA] Booking Created 8b155b0d-6eab-4f1b-b3e5-b0008e260048
2025-06-13 13:37:01Z [DATA] Mechanic Registered mech1@gmail.com
